[2022-11-29T03:52:43.459723+01:00] FFmpeg_Streaming.INFO: ffprobe running command "C:/ffmpeg/bin/ffprobe.exe" -help -loglevel quiet [] []
[2022-11-29T03:52:45.723852+01:00] FFmpeg_Streaming.INFO: ffprobe executed command successfully [] []
[2022-11-29T03:52:45.723852+01:00] FFmpeg_Streaming.INFO: ffprobe running command "C:/ffmpeg/bin/ffprobe.exe" "public/media/test.mp4" -show_streams -print_format json [] []
[2022-11-29T03:52:46.527898+01:00] FFmpeg_Streaming.INFO: ffprobe executed command successfully [] []
[2022-11-29T03:52:46.902920+01:00] FFmpeg_Streaming.INFO: ffmpeg running command "C:/ffmpeg/bin/ffmpeg.exe" -y -i "public/media/test.mp4" -c:v libx264 -c:a aac -bf 1 -keyint_min 25 -g 250 -sc_threshold 40 -hls_list_size 0 -hls_time 10 -hls_allow_cache 1 -hls_segment_type mpegts -hls_fmp4_init_filename hls-stream_360p_init.mp4 -hls_segment_filename "public/out/hls-stream_360p_"^%"04d.ts" -s:v 640x360 -b:v 276k -strict -2 -threads 12 "public/out/hls-stream_360p.m3u8" [] []
[2022-11-29T03:52:47.705966+01:00] FFmpeg_Streaming.INFO: ffprobe running command "C:/ffmpeg/bin/ffprobe.exe" "public/media/test.mp4" -show_format -print_format json [] []
[2022-11-29T03:52:47.951980+01:00] FFmpeg_Streaming.INFO: ffprobe executed command successfully [] []
[2022-11-29T03:54:34.959100+01:00] FFmpeg_Streaming.INFO: ffmpeg executed command successfully [] []
[2022-11-29T05:25:21.746639+01:00] FFmpeg_Streaming.INFO: ffprobe running command "C:/ffmpeg/bin/ffprobe.exe" -help -loglevel quiet [] []
[2022-11-29T05:25:24.054771+01:00] FFmpeg_Streaming.INFO: ffprobe executed command successfully [] []
[2022-11-29T05:25:24.055771+01:00] FFmpeg_Streaming.INFO: ffprobe running command "C:/ffmpeg/bin/ffprobe.exe" "public/media/test.mp4" -show_streams -print_format json [] []
[2022-11-29T05:25:25.061828+01:00] FFmpeg_Streaming.INFO: ffprobe executed command successfully [] []
[2022-11-29T05:25:25.944879+01:00] FFmpeg_Streaming.INFO: ffmpeg running command "C:/ffmpeg/bin/ffmpeg.exe" -y -i "public/media/test.mp4" -c:v libx264 -c:a aac -bf 1 -keyint_min 25 -g 250 -sc_threshold 40 -hls_list_size 0 -hls_time 10 -hls_allow_cache 1 -hls_segment_type mpegts -hls_fmp4_init_filename hls-stream_720p_init.mp4 -hls_segment_filename "public/out/hls-stream_720p_"^%"04d.ts" -s:v 1280x720 -b:v 2048k -strict -2 -threads 12 "public/out/hls-stream_720p.m3u8" [] []
[2022-11-29T05:25:26.986938+01:00] FFmpeg_Streaming.INFO: ffprobe running command "C:/ffmpeg/bin/ffprobe.exe" "public/media/test.mp4" -show_format -print_format json [] []
[2022-11-29T05:25:27.256954+01:00] FFmpeg_Streaming.INFO: ffprobe executed command successfully [] []
[2022-11-29T08:36:53.700763+01:00] FFmpeg_Streaming.INFO: ffprobe running command "C:/ffmpeg/bin/ffprobe.exe" -help -loglevel quiet [] []
[2022-11-29T08:36:56.273910+01:00] FFmpeg_Streaming.INFO: ffprobe executed command successfully [] []
[2022-11-29T08:36:56.274910+01:00] FFmpeg_Streaming.INFO: ffprobe running command "C:/ffmpeg/bin/ffprobe.exe" "public/media/test.mp4" -show_streams -print_format json [] []
[2022-11-29T08:36:57.882002+01:00] FFmpeg_Streaming.INFO: ffprobe executed command successfully [] []
[2022-11-29T08:36:58.272024+01:00] FFmpeg_Streaming.INFO: ffmpeg running command "C:/ffmpeg/bin/ffmpeg.exe" -y -i "public/media/test.mp4" -c:v libx264 -c:a aac -bf 1 -keyint_min 25 -g 250 -sc_threshold 40 -hls_list_size 0 -hls_time 10 -hls_allow_cache 1 -hls_segment_type mpegts -hls_fmp4_init_filename hls-stream_720p_init.mp4 -hls_segment_filename "public/out/hls-stream_720p_"^%"04d.ts" -s:v 1280x720 -b:v 2048k -strict -2 -threads 12 "public/out/hls-stream_720p.m3u8" [] []
[2022-11-29T08:36:59.479093+01:00] FFmpeg_Streaming.INFO: ffprobe running command "C:/ffmpeg/bin/ffprobe.exe" "public/media/test.mp4" -show_format -print_format json [] []
[2022-11-29T08:37:00.034125+01:00] FFmpeg_Streaming.INFO: ffprobe executed command successfully [] []
[2022-12-01T08:28:41.818774+01:00] FFmpeg_Streaming.INFO: ffprobe running command "C:/ffmpeg/bin/ffprobe.exe" -help -loglevel quiet [] []
[2022-12-01T08:28:50.932295+01:00] FFmpeg_Streaming.INFO: ffprobe executed command successfully [] []
[2022-12-01T08:28:50.933295+01:00] FFmpeg_Streaming.INFO: ffprobe running command "C:/ffmpeg/bin/ffprobe.exe" "public/media/test.mp4" -show_streams -print_format json [] []
[2022-12-01T08:28:53.940467+01:00] FFmpeg_Streaming.INFO: ffprobe executed command successfully [] []
[2022-12-01T08:28:55.804574+01:00] FFmpeg_Streaming.INFO: ffmpeg running command "C:/ffmpeg/bin/ffmpeg.exe" -y -i "public/media/test.mp4" -c:v libx264 -c:a aac -bf 1 -keyint_min 25 -g 250 -sc_threshold 40 -hls_list_size 0 -hls_time 10 -hls_allow_cache 1 -hls_segment_type mpegts -hls_fmp4_init_filename hls-stream_720p_init.mp4 -hls_segment_filename "public/out/hls-stream_720p_"^%"04d.ts" -s:v 1280x720 -b:v 2048k -strict -2 -threads 12 "public/out/hls-stream_720p.m3u8" [] []
[2022-12-01T08:28:59.411780+01:00] FFmpeg_Streaming.INFO: ffprobe running command "C:/ffmpeg/bin/ffprobe.exe" "public/media/test.mp4" -show_format -print_format json [] []
[2022-12-01T08:29:00.091819+01:00] FFmpeg_Streaming.INFO: ffprobe executed command successfully [] []
[2022-12-01T08:34:13.994773+01:00] FFmpeg_Streaming.INFO: ffmpeg executed command successfully [] []
